{"total": {"lines":{"total":2687,"covered":389,"skipped":0,"pct":14.47},"statements":{"total":2823,"covered":400,"skipped":0,"pct":14.16},"functions":{"total":508,"covered":37,"skipped":0,"pct":7.28},"branches":{"total":1335,"covered":162,"skipped":0,"pct":12.13},"branchesTrue":{"total":0,"covered":0,"skipped":0,"pct":100}}
,"/Users/ksmit45/dev/ocr/ocr-sdk/build/index.js": {"lines":{"total":12,"covered":9,"skipped":0,"pct":75},"functions":{"total":4,"covered":2,"skipped":0,"pct":50},"statements":{"total":17,"covered":12,"skipped":0,"pct":70.58},"branches":{"total":24,"covered":15,"skipped":0,"pct":62.5}}
,"/Users/ksmit45/dev/ocr/ocr-sdk/build/src/cardScanner.js": {"lines":{"total":20,"covered":8,"skipped":0,"pct":40},"functions":{"total":12,"covered":0,"skipped":0,"pct":0},"statements":{"total":25,"covered":8,"skipped":0,"pct":32},"branches":{"total":11,"covered":3,"skipped":0,"pct":27.27}}
,"/Users/ksmit45/dev/ocr/ocr-sdk/build/src/categorizer.js": {"lines":{"total":37,"covered":27,"skipped":0,"pct":72.97},"functions":{"total":10,"covered":6,"skipped":0,"pct":60},"statements":{"total":39,"covered":28,"skipped":0,"pct":71.79},"branches":{"total":22,"covered":14,"skipped":0,"pct":63.63}}
,"/Users/ksmit45/dev/ocr/ocr-sdk/build/src/char.js": {"lines":{"total":77,"covered":7,"skipped":0,"pct":9.09},"functions":{"total":12,"covered":0,"skipped":0,"pct":0},"statements":{"total":78,"covered":7,"skipped":0,"pct":8.97},"branches":{"total":38,"covered":0,"skipped":0,"pct":0}}
,"/Users/ksmit45/dev/ocr/ocr-sdk/build/src/check.js": {"lines":{"total":180,"covered":12,"skipped":0,"pct":6.66},"functions":{"total":23,"covered":0,"skipped":0,"pct":0},"statements":{"total":186,"covered":12,"skipped":0,"pct":6.45},"branches":{"total":79,"covered":3,"skipped":0,"pct":3.79}}
,"/Users/ksmit45/dev/ocr/ocr-sdk/build/src/checkMgr.js": {"lines":{"total":39,"covered":8,"skipped":0,"pct":20.51},"functions":{"total":23,"covered":0,"skipped":0,"pct":0},"statements":{"total":44,"covered":8,"skipped":0,"pct":18.18},"branches":{"total":17,"covered":3,"skipped":0,"pct":17.64}}
,"/Users/ksmit45/dev/ocr/ocr-sdk/build/src/checkUtil.js": {"lines":{"total":83,"covered":70,"skipped":0,"pct":84.33},"functions":{"total":8,"covered":6,"skipped":0,"pct":75},"statements":{"total":83,"covered":70,"skipped":0,"pct":84.33},"branches":{"total":48,"covered":41,"skipped":0,"pct":85.41}}
,"/Users/ksmit45/dev/ocr/ocr-sdk/build/src/color.js": {"lines":{"total":9,"covered":9,"skipped":0,"pct":100},"functions":{"total":0,"covered":0,"skipped":0,"pct":100},"statements":{"total":9,"covered":9,"skipped":0,"pct":100},"branches":{"total":0,"covered":0,"skipped":0,"pct":100}}
,"/Users/ksmit45/dev/ocr/ocr-sdk/build/src/config.js": {"lines":{"total":103,"covered":5,"skipped":0,"pct":4.85},"functions":{"total":5,"covered":0,"skipped":0,"pct":0},"statements":{"total":104,"covered":5,"skipped":0,"pct":4.8},"branches":{"total":80,"covered":0,"skipped":0,"pct":0}}
,"/Users/ksmit45/dev/ocr/ocr-sdk/build/src/context.js": {"lines":{"total":33,"covered":7,"skipped":0,"pct":21.21},"functions":{"total":8,"covered":0,"skipped":0,"pct":0},"statements":{"total":33,"covered":7,"skipped":0,"pct":21.21},"branches":{"total":4,"covered":0,"skipped":0,"pct":0}}
,"/Users/ksmit45/dev/ocr/ocr-sdk/build/src/contour.js": {"lines":{"total":164,"covered":12,"skipped":0,"pct":7.31},"functions":{"total":26,"covered":1,"skipped":0,"pct":3.84},"statements":{"total":167,"covered":12,"skipped":0,"pct":7.18},"branches":{"total":46,"covered":2,"skipped":0,"pct":4.34}}
,"/Users/ksmit45/dev/ocr/ocr-sdk/build/src/files.js": {"lines":{"total":4,"covered":4,"skipped":0,"pct":100},"functions":{"total":0,"covered":0,"skipped":0,"pct":100},"statements":{"total":4,"covered":4,"skipped":0,"pct":100},"branches":{"total":0,"covered":0,"skipped":0,"pct":100}}
,"/Users/ksmit45/dev/ocr/ocr-sdk/build/src/fsInterfaces.js": {"lines":{"total":5,"covered":5,"skipped":0,"pct":100},"functions":{"total":1,"covered":1,"skipped":0,"pct":100},"statements":{"total":5,"covered":5,"skipped":0,"pct":100},"branches":{"total":2,"covered":2,"skipped":0,"pct":100}}
,"/Users/ksmit45/dev/ocr/ocr-sdk/build/src/fsMgr.js": {"lines":{"total":85,"covered":10,"skipped":0,"pct":11.76},"functions":{"total":31,"covered":0,"skipped":0,"pct":0},"statements":{"total":90,"covered":10,"skipped":0,"pct":11.11},"branches":{"total":23,"covered":3,"skipped":0,"pct":13.04}}
,"/Users/ksmit45/dev/ocr/ocr-sdk/build/src/image.js": {"lines":{"total":435,"covered":19,"skipped":0,"pct":4.36},"functions":{"total":93,"covered":1,"skipped":0,"pct":1.07},"statements":{"total":448,"covered":19,"skipped":0,"pct":4.24},"branches":{"total":277,"covered":5,"skipped":0,"pct":1.8}}
,"/Users/ksmit45/dev/ocr/ocr-sdk/build/src/index.js": {"lines":{"total":35,"covered":33,"skipped":0,"pct":94.28},"functions":{"total":4,"covered":3,"skipped":0,"pct":75},"statements":{"total":40,"covered":37,"skipped":0,"pct":92.5},"branches":{"total":24,"covered":17,"skipped":0,"pct":70.83}}
,"/Users/ksmit45/dev/ocr/ocr-sdk/build/src/line.js": {"lines":{"total":519,"covered":12,"skipped":0,"pct":2.31},"functions":{"total":45,"covered":0,"skipped":0,"pct":0},"statements":{"total":542,"covered":12,"skipped":0,"pct":2.21},"branches":{"total":246,"covered":0,"skipped":0,"pct":0}}
,"/Users/ksmit45/dev/ocr/ocr-sdk/build/src/log.js": {"lines":{"total":51,"covered":16,"skipped":0,"pct":31.37},"functions":{"total":16,"covered":4,"skipped":0,"pct":25},"statements":{"total":51,"covered":16,"skipped":0,"pct":31.37},"branches":{"total":22,"covered":2,"skipped":0,"pct":9.09}}
,"/Users/ksmit45/dev/ocr/ocr-sdk/build/src/ocr.js": {"lines":{"total":52,"covered":12,"skipped":0,"pct":23.07},"functions":{"total":20,"covered":0,"skipped":0,"pct":0},"statements":{"total":57,"covered":12,"skipped":0,"pct":21.05},"branches":{"total":17,"covered":3,"skipped":0,"pct":17.64}}
,"/Users/ksmit45/dev/ocr/ocr-sdk/build/src/ocv.js": {"lines":{"total":30,"covered":11,"skipped":0,"pct":36.66},"functions":{"total":17,"covered":2,"skipped":0,"pct":11.76},"statements":{"total":35,"covered":11,"skipped":0,"pct":31.42},"branches":{"total":20,"covered":9,"skipped":0,"pct":45}}
,"/Users/ksmit45/dev/ocr/ocr-sdk/build/src/opencvTranslator.js": {"lines":{"total":174,"covered":11,"skipped":0,"pct":6.32},"functions":{"total":26,"covered":0,"skipped":0,"pct":0},"statements":{"total":186,"covered":11,"skipped":0,"pct":5.91},"branches":{"total":51,"covered":3,"skipped":0,"pct":5.88}}
,"/Users/ksmit45/dev/ocr/ocr-sdk/build/src/scanner.js": {"lines":{"total":52,"covered":11,"skipped":0,"pct":21.15},"functions":{"total":15,"covered":0,"skipped":0,"pct":0},"statements":{"total":59,"covered":11,"skipped":0,"pct":18.64},"branches":{"total":25,"covered":3,"skipped":0,"pct":12}}
,"/Users/ksmit45/dev/ocr/ocr-sdk/build/src/tesseractTranslator.js": {"lines":{"total":97,"covered":13,"skipped":0,"pct":13.4},"functions":{"total":30,"covered":1,"skipped":0,"pct":3.33},"statements":{"total":104,"covered":13,"skipped":0,"pct":12.5},"branches":{"total":40,"covered":9,"skipped":0,"pct":22.5}}
,"/Users/ksmit45/dev/ocr/ocr-sdk/build/src/translators.js": {"lines":{"total":137,"covered":13,"skipped":0,"pct":9.48},"functions":{"total":21,"covered":0,"skipped":0,"pct":0},"statements":{"total":144,"covered":13,"skipped":0,"pct":9.02},"branches":{"total":61,"covered":3,"skipped":0,"pct":4.91}}
,"/Users/ksmit45/dev/ocr/ocr-sdk/build/src/util.js": {"lines":{"total":211,"covered":37,"skipped":0,"pct":17.53},"functions":{"total":45,"covered":10,"skipped":0,"pct":22.22},"statements":{"total":225,"covered":40,"skipped":0,"pct":17.77},"branches":{"total":137,"covered":19,"skipped":0,"pct":13.86}}
,"/Users/ksmit45/dev/ocr/ocr-sdk/build/src/videoCapture.js": {"lines":{"total":43,"covered":8,"skipped":0,"pct":18.6},"functions":{"total":13,"covered":0,"skipped":0,"pct":0},"statements":{"total":48,"covered":8,"skipped":0,"pct":16.66},"branches":{"total":21,"covered":3,"skipped":0,"pct":14.28}}
}
